#! /usr/local/Cellar/icarus-verilog/10.3/bin/vvp
:ivl_version "10.3 (stable)" "(v10_3)";
:ivl_delay_selection "TYPICAL";
:vpi_time_precision - 10;
:vpi_module "system";
:vpi_module "vhdl_sys";
:vpi_module "v2005_math";
:vpi_module "va_math";
S_0x7fa327e03780 .scope module, "top" "top" 2 3;
 .timescale -9 -10;
P_0x7fa327e03530 .param/l "SIZE" 0 2 17, +C4<00000000000000000000000000100000>;
v0x7fa327e143a0_0 .var "data", 31 0;
v0x7fa327e14460_0 .var "p_clk", 0 0;
v0x7fa327e14500_0 .net "p_flag", 0 0, v0x7fa327e14080_0;  1 drivers
v0x7fa327e145d0_0 .var "p_rst", 0 0;
v0x7fa327e14680_0 .var "p_s", 0 0;
S_0x7fa327e03960 .scope begin, "SERIES" "SERIES" 2 20, 2 20 0, S_0x7fa327e03780;
 .timescale -9 -10;
v0x7fa327e03ac0_0 .var/i "i", 31 0;
S_0x7fa327e13aa0 .scope module, "u" "seq_detect" 2 32, 3 1 0, S_0x7fa327e03780;
 .timescale 0 0;
    .port_info 0 /OUTPUT 1 "flag"
    .port_info 1 /INPUT 1 "clk"
    .port_info 2 /INPUT 1 "reset"
    .port_info 3 /INPUT 1 "seq"
P_0x7fa327e13c60 .param/l "A" 0 3 2, C4<00010>;
P_0x7fa327e13ca0 .param/l "B" 0 3 2, C4<00010>;
P_0x7fa327e13ce0 .param/l "C" 0 3 3, C4<01000>;
P_0x7fa327e13d20 .param/l "D" 0 3 3, C4<10000>;
P_0x7fa327e13d60 .param/l "IDLE" 0 3 2, C4<00001>;
v0x7fa327e13fd0_0 .net "clk", 0 0, v0x7fa327e14460_0;  1 drivers
v0x7fa327e14080_0 .var "flag", 0 0;
v0x7fa327e14120_0 .net "reset", 0 0, v0x7fa327e145d0_0;  1 drivers
v0x7fa327e141d0_0 .net "seq", 0 0, v0x7fa327e14680_0;  1 drivers
v0x7fa327e14270_0 .var "state", 4 0;
E_0x7fa327e13f80/0 .event negedge, v0x7fa327e14120_0;
E_0x7fa327e13f80/1 .event posedge, v0x7fa327e13fd0_0;
E_0x7fa327e13f80 .event/or E_0x7fa327e13f80/0, E_0x7fa327e13f80/1;
    .scope S_0x7fa327e13aa0;
T_0 ;
    %wait E_0x7fa327e13f80;
    %load/vec4 v0x7fa327e14120_0;
    %nor/r;
    %flag_set/vec4 8;
    %jmp/0xz  T_0.0, 8;
    %pushi/vec4 0, 0, 1;
    %assign/vec4 v0x7fa327e14080_0, 0;
    %pushi/vec4 1, 0, 5;
    %assign/vec4 v0x7fa327e14270_0, 0;
    %jmp T_0.1;
T_0.0 ;
    %load/vec4 v0x7fa327e14270_0;
    %dup/vec4;
    %pushi/vec4 1, 0, 5;
    %cmp/u;
    %jmp/1 T_0.2, 6;
    %dup/vec4;
    %pushi/vec4 2, 0, 5;
    %cmp/u;
    %jmp/1 T_0.3, 6;
    %dup/vec4;
    %pushi/vec4 2, 0, 5;
    %cmp/u;
    %jmp/1 T_0.4, 6;
    %dup/vec4;
    %pushi/vec4 8, 0, 5;
    %cmp/u;
    %jmp/1 T_0.5, 6;
    %dup/vec4;
    %pushi/vec4 16, 0, 5;
    %cmp/u;
    %jmp/1 T_0.6, 6;
    %pushi/vec4 0, 0, 1;
    %assign/vec4 v0x7fa327e14080_0, 0;
    %pushi/vec4 1, 0, 5;
    %assign/vec4 v0x7fa327e14270_0, 0;
    %jmp T_0.8;
T_0.2 ;
    %load/vec4 v0x7fa327e141d0_0;
    %flag_set/vec4 8;
    %jmp/0xz  T_0.9, 8;
    %pushi/vec4 0, 0, 1;
    %assign/vec4 v0x7fa327e14080_0, 0;
    %pushi/vec4 2, 0, 5;
    %assign/vec4 v0x7fa327e14270_0, 0;
    %jmp T_0.10;
T_0.9 ;
    %pushi/vec4 0, 0, 1;
    %assign/vec4 v0x7fa327e14080_0, 0;
    %pushi/vec4 1, 0, 5;
    %assign/vec4 v0x7fa327e14270_0, 0;
T_0.10 ;
    %jmp T_0.8;
T_0.3 ;
    %load/vec4 v0x7fa327e141d0_0;
    %flag_set/vec4 8;
    %jmp/0xz  T_0.11, 8;
    %pushi/vec4 0, 0, 1;
    %assign/vec4 v0x7fa327e14080_0, 0;
    %pushi/vec4 2, 0, 5;
    %assign/vec4 v0x7fa327e14270_0, 0;
    %jmp T_0.12;
T_0.11 ;
    %pushi/vec4 0, 0, 1;
    %assign/vec4 v0x7fa327e14080_0, 0;
    %pushi/vec4 2, 0, 5;
    %assign/vec4 v0x7fa327e14270_0, 0;
T_0.12 ;
    %jmp T_0.8;
T_0.4 ;
    %load/vec4 v0x7fa327e141d0_0;
    %flag_set/vec4 8;
    %jmp/0xz  T_0.13, 8;
    %pushi/vec4 0, 0, 1;
    %assign/vec4 v0x7fa327e14080_0, 0;
    %pushi/vec4 2, 0, 5;
    %assign/vec4 v0x7fa327e14270_0, 0;
    %jmp T_0.14;
T_0.13 ;
    %pushi/vec4 0, 0, 1;
    %assign/vec4 v0x7fa327e14080_0, 0;
    %pushi/vec4 8, 0, 5;
    %assign/vec4 v0x7fa327e14270_0, 0;
T_0.14 ;
    %jmp T_0.8;
T_0.5 ;
    %load/vec4 v0x7fa327e141d0_0;
    %flag_set/vec4 8;
    %jmp/0xz  T_0.15, 8;
    %pushi/vec4 0, 0, 1;
    %assign/vec4 v0x7fa327e14080_0, 0;
    %pushi/vec4 16, 0, 5;
    %assign/vec4 v0x7fa327e14270_0, 0;
    %jmp T_0.16;
T_0.15 ;
    %pushi/vec4 0, 0, 1;
    %assign/vec4 v0x7fa327e14080_0, 0;
    %pushi/vec4 1, 0, 5;
    %assign/vec4 v0x7fa327e14270_0, 0;
T_0.16 ;
    %jmp T_0.8;
T_0.6 ;
    %load/vec4 v0x7fa327e141d0_0;
    %flag_set/vec4 8;
    %jmp/0xz  T_0.17, 8;
    %pushi/vec4 0, 0, 1;
    %assign/vec4 v0x7fa327e14080_0, 0;
    %pushi/vec4 2, 0, 5;
    %assign/vec4 v0x7fa327e14270_0, 0;
    %jmp T_0.18;
T_0.17 ;
    %pushi/vec4 1, 0, 1;
    %assign/vec4 v0x7fa327e14080_0, 0;
    %pushi/vec4 2, 0, 5;
    %assign/vec4 v0x7fa327e14270_0, 0;
T_0.18 ;
    %jmp T_0.8;
T_0.8 ;
    %pop/vec4 1;
T_0.1 ;
    %jmp T_0;
    .thread T_0;
    .scope S_0x7fa327e03780;
T_1 ;
    %pushi/vec4 1686416148, 0, 32;
    %store/vec4 v0x7fa327e143a0_0, 0, 32;
    %end;
    .thread T_1;
    .scope S_0x7fa327e03780;
T_2 ;
    %pushi/vec4 0, 0, 1;
    %store/vec4 v0x7fa327e145d0_0, 0, 1;
    %delay 250, 0;
    %pushi/vec4 1, 0, 1;
    %store/vec4 v0x7fa327e145d0_0, 0, 1;
    %end;
    .thread T_2;
    .scope S_0x7fa327e03780;
T_3 ;
    %pushi/vec4 0, 0, 1;
    %store/vec4 v0x7fa327e14460_0, 0, 1;
T_3.0 ;
    %delay 50, 0;
    %load/vec4 v0x7fa327e14460_0;
    %inv;
    %store/vec4 v0x7fa327e14460_0, 0, 1;
    %jmp T_3.0;
    %end;
    .thread T_3;
    .scope S_0x7fa327e03780;
T_4 ;
    %fork t_1, S_0x7fa327e03960;
    %jmp t_0;
    .scope S_0x7fa327e03960;
t_1 ;
    %delay 10, 0;
    %pushi/vec4 0, 0, 1;
    %store/vec4 v0x7fa327e14680_0, 0, 1;
    %delay 300, 0;
    %pushi/vec4 0, 0, 32;
    %store/vec4 v0x7fa327e03ac0_0, 0, 32;
T_4.0 ;
    %load/vec4 v0x7fa327e03ac0_0;
    %cmpi/s 32, 0, 32;
    %jmp/0xz T_4.1, 5;
    %load/vec4 v0x7fa327e143a0_0;
    %parti/s 1, 31, 6;
    %store/vec4 v0x7fa327e14680_0, 0, 1;
    %load/vec4 v0x7fa327e143a0_0;
    %ix/load 4, 1, 0;
    %flag_set/imm 4, 0;
    %shiftl 4;
    %store/vec4 v0x7fa327e143a0_0, 0, 32;
    %delay 200, 0;
    %load/vec4 v0x7fa327e03ac0_0;
    %addi 1, 0, 32;
    %store/vec4 v0x7fa327e03ac0_0, 0, 32;
    %jmp T_4.0;
T_4.1 ;
    %delay 300, 0;
    %vpi_call 2 29 "$finish" {0 0 0};
    %end;
    .scope S_0x7fa327e03780;
t_0 %join;
    %end;
    .thread T_4;
    .scope S_0x7fa327e03780;
T_5 ;
    %vpi_call 2 35 "$monitor", $time, " reset=%b, flag=%b, seq=%b, state=%b", v0x7fa327e145d0_0, v0x7fa327e14500_0, v0x7fa327e141d0_0, v0x7fa327e14270_0 {0 0 0};
    %vpi_call 2 37 "$dumpfile", "top.vcd" {0 0 0};
    %vpi_call 2 38 "$dumpvars", 32'sb00000000000000000000000000000000, S_0x7fa327e03780 {0 0 0};
    %end;
    .thread T_5;
# The file index is used to find the file name in the following table.
:file_names 4;
    "N/A";
    "<interactive>";
    "top.v";
    "./seq_detect_1.v";
