#! /usr/local/Cellar/icarus-verilog/10.3/bin/vvp
:ivl_version "10.3 (stable)" "(v10_3)";
:ivl_delay_selection "TYPICAL";
:vpi_time_precision - 9;
:vpi_module "system";
:vpi_module "vhdl_sys";
:vpi_module "v2005_math";
:vpi_module "va_math";
S_0x7fa65fe00080 .scope module, "tb_seq_detect" "tb_seq_detect" 2 3;
 .timescale -8 -9;
v0x7fa65fe1e980_0 .var "data", 35 0;
v0x7fa65fe1ea40_0 .var/i "k", 31 0;
v0x7fa65fe1eae0_0 .var "p_clk", 0 0;
v0x7fa65fe1ebb0_0 .var "p_din", 0 0;
v0x7fa65fe1ec60_0 .net "p_flag", 0 0, v0x7fa65fe1e700_0;  1 drivers
v0x7fa65fe1ed30_0 .var "p_rst_n", 0 0;
S_0x7fa65fe001e0 .scope module, "dec" "seq_detect" 2 9, 3 36 0, S_0x7fa65fe00080;
 .timescale 0 0;
    .port_info 0 /OUTPUT 1 "flag"
    .port_info 1 /INPUT 1 "din"
    .port_info 2 /INPUT 1 "clk"
    .port_info 3 /INPUT 1 "rst_n"
P_0x7fa65fe0e780 .param/l "A0" 0 3 39, C4<000000010>;
P_0x7fa65fe0e7c0 .param/l "A1" 0 3 39, C4<000000100>;
P_0x7fa65fe0e800 .param/l "A2" 0 3 40, C4<000001000>;
P_0x7fa65fe0e840 .param/l "A3" 0 3 40, C4<000010000>;
P_0x7fa65fe0e880 .param/l "B0" 0 3 41, C4<000100000>;
P_0x7fa65fe0e8c0 .param/l "B1" 0 3 41, C4<001000000>;
P_0x7fa65fe0e900 .param/l "B2" 0 3 42, C4<010000000>;
P_0x7fa65fe0e940 .param/l "B3" 0 3 42, C4<100000000>;
P_0x7fa65fe0e980 .param/l "IDLE" 0 3 38, C4<000000001>;
v0x7fa65fe04a90_0 .net "clk", 0 0, v0x7fa65fe1eae0_0;  1 drivers
v0x7fa65fe1e660_0 .net "din", 0 0, v0x7fa65fe1ebb0_0;  1 drivers
v0x7fa65fe1e700_0 .var "flag", 0 0;
v0x7fa65fe1e7b0_0 .net "rst_n", 0 0, v0x7fa65fe1ed30_0;  1 drivers
v0x7fa65fe1e850_0 .var "state", 8 0;
E_0x7fa65fe01440 .event edge, v0x7fa65fe1e850_0;
E_0x7fa65fe00d40 .event negedge, v0x7fa65fe04a90_0;
    .scope S_0x7fa65fe001e0;
T_0 ;
    %wait E_0x7fa65fe00d40;
    %load/vec4 v0x7fa65fe1e7b0_0;
    %nor/r;
    %flag_set/vec4 8;
    %jmp/0xz  T_0.0, 8;
    %pushi/vec4 1, 0, 9;
    %assign/vec4 v0x7fa65fe1e850_0, 0;
    %pushi/vec4 0, 0, 1;
    %assign/vec4 v0x7fa65fe1e700_0, 0;
    %jmp T_0.1;
T_0.0 ;
    %load/vec4 v0x7fa65fe1e850_0;
    %dup/vec4;
    %pushi/vec4 1, 0, 9;
    %cmp/u;
    %jmp/1 T_0.2, 6;
    %dup/vec4;
    %pushi/vec4 2, 0, 9;
    %cmp/u;
    %jmp/1 T_0.3, 6;
    %dup/vec4;
    %pushi/vec4 4, 0, 9;
    %cmp/u;
    %jmp/1 T_0.4, 6;
    %dup/vec4;
    %pushi/vec4 8, 0, 9;
    %cmp/u;
    %jmp/1 T_0.5, 6;
    %dup/vec4;
    %pushi/vec4 16, 0, 9;
    %cmp/u;
    %jmp/1 T_0.6, 6;
    %dup/vec4;
    %pushi/vec4 32, 0, 9;
    %cmp/u;
    %jmp/1 T_0.7, 6;
    %dup/vec4;
    %pushi/vec4 64, 0, 9;
    %cmp/u;
    %jmp/1 T_0.8, 6;
    %dup/vec4;
    %pushi/vec4 128, 0, 9;
    %cmp/u;
    %jmp/1 T_0.9, 6;
    %dup/vec4;
    %pushi/vec4 256, 0, 9;
    %cmp/u;
    %jmp/1 T_0.10, 6;
    %pushi/vec4 1, 0, 9;
    %assign/vec4 v0x7fa65fe1e850_0, 0;
    %jmp T_0.12;
T_0.2 ;
    %load/vec4 v0x7fa65fe1e660_0;
    %flag_set/vec4 8;
    %jmp/0 T_0.13, 8;
    %pushi/vec4 2, 0, 9;
    %jmp/1 T_0.14, 8;
T_0.13 ; End of true expr.
    %pushi/vec4 32, 0, 9;
    %jmp/0 T_0.14, 8;
 ; End of false expr.
    %blend;
T_0.14;
    %assign/vec4 v0x7fa65fe1e850_0, 0;
    %jmp T_0.12;
T_0.3 ;
    %load/vec4 v0x7fa65fe1e660_0;
    %flag_set/vec4 8;
    %jmp/0 T_0.15, 8;
    %pushi/vec4 4, 0, 9;
    %jmp/1 T_0.16, 8;
T_0.15 ; End of true expr.
    %pushi/vec4 32, 0, 9;
    %jmp/0 T_0.16, 8;
 ; End of false expr.
    %blend;
T_0.16;
    %assign/vec4 v0x7fa65fe1e850_0, 0;
    %jmp T_0.12;
T_0.4 ;
    %load/vec4 v0x7fa65fe1e660_0;
    %flag_set/vec4 8;
    %jmp/0 T_0.17, 8;
    %pushi/vec4 4, 0, 9;
    %jmp/1 T_0.18, 8;
T_0.17 ; End of true expr.
    %pushi/vec4 8, 0, 9;
    %jmp/0 T_0.18, 8;
 ; End of false expr.
    %blend;
T_0.18;
    %assign/vec4 v0x7fa65fe1e850_0, 0;
    %jmp T_0.12;
T_0.5 ;
    %load/vec4 v0x7fa65fe1e660_0;
    %flag_set/vec4 8;
    %jmp/0 T_0.19, 8;
    %pushi/vec4 16, 0, 9;
    %jmp/1 T_0.20, 8;
T_0.19 ; End of true expr.
    %pushi/vec4 32, 0, 9;
    %jmp/0 T_0.20, 8;
 ; End of false expr.
    %blend;
T_0.20;
    %assign/vec4 v0x7fa65fe1e850_0, 0;
    %jmp T_0.12;
T_0.6 ;
    %load/vec4 v0x7fa65fe1e660_0;
    %flag_set/vec4 8;
    %jmp/0 T_0.21, 8;
    %pushi/vec4 128, 0, 9;
    %jmp/1 T_0.22, 8;
T_0.21 ; End of true expr.
    %pushi/vec4 32, 0, 9;
    %jmp/0 T_0.22, 8;
 ; End of false expr.
    %blend;
T_0.22;
    %assign/vec4 v0x7fa65fe1e850_0, 0;
    %jmp T_0.12;
T_0.7 ;
    %load/vec4 v0x7fa65fe1e660_0;
    %flag_set/vec4 8;
    %jmp/0 T_0.23, 8;
    %pushi/vec4 64, 0, 9;
    %jmp/1 T_0.24, 8;
T_0.23 ; End of true expr.
    %pushi/vec4 32, 0, 9;
    %jmp/0 T_0.24, 8;
 ; End of false expr.
    %blend;
T_0.24;
    %assign/vec4 v0x7fa65fe1e850_0, 0;
    %jmp T_0.12;
T_0.8 ;
    %load/vec4 v0x7fa65fe1e660_0;
    %flag_set/vec4 8;
    %jmp/0 T_0.25, 8;
    %pushi/vec4 128, 0, 9;
    %jmp/1 T_0.26, 8;
T_0.25 ; End of true expr.
    %pushi/vec4 32, 0, 9;
    %jmp/0 T_0.26, 8;
 ; End of false expr.
    %blend;
T_0.26;
    %assign/vec4 v0x7fa65fe1e850_0, 0;
    %jmp T_0.12;
T_0.9 ;
    %load/vec4 v0x7fa65fe1e660_0;
    %flag_set/vec4 8;
    %jmp/0 T_0.27, 8;
    %pushi/vec4 4, 0, 9;
    %jmp/1 T_0.28, 8;
T_0.27 ; End of true expr.
    %pushi/vec4 256, 0, 9;
    %jmp/0 T_0.28, 8;
 ; End of false expr.
    %blend;
T_0.28;
    %assign/vec4 v0x7fa65fe1e850_0, 0;
    %jmp T_0.12;
T_0.10 ;
    %load/vec4 v0x7fa65fe1e660_0;
    %flag_set/vec4 8;
    %jmp/0 T_0.29, 8;
    %pushi/vec4 16, 0, 9;
    %jmp/1 T_0.30, 8;
T_0.29 ; End of true expr.
    %pushi/vec4 32, 0, 9;
    %jmp/0 T_0.30, 8;
 ; End of false expr.
    %blend;
T_0.30;
    %assign/vec4 v0x7fa65fe1e850_0, 0;
    %jmp T_0.12;
T_0.12 ;
    %pop/vec4 1;
T_0.1 ;
    %jmp T_0;
    .thread T_0;
    .scope S_0x7fa65fe001e0;
T_1 ;
    %wait E_0x7fa65fe01440;
    %load/vec4 v0x7fa65fe1e850_0;
    %cmpi/e 256, 0, 9;
    %flag_mov 8, 4;
    %load/vec4 v0x7fa65fe1e850_0;
    %cmpi/e 16, 0, 9;
    %flag_or 4, 8;
    %jmp/0xz  T_1.0, 4;
    %pushi/vec4 1, 0, 1;
    %assign/vec4 v0x7fa65fe1e700_0, 0;
    %jmp T_1.1;
T_1.0 ;
    %pushi/vec4 0, 0, 1;
    %assign/vec4 v0x7fa65fe1e700_0, 0;
T_1.1 ;
    %jmp T_1;
    .thread T_1, $push;
    .scope S_0x7fa65fe00080;
T_2 ;
    %pushi/vec4 3261706781, 0, 36;
    %store/vec4 v0x7fa65fe1e980_0, 0, 36;
    %end;
    .thread T_2;
    .scope S_0x7fa65fe00080;
T_3 ;
    %pushi/vec4 1, 0, 1;
    %store/vec4 v0x7fa65fe1eae0_0, 0, 1;
T_3.0 ;
    %delay 50, 0;
    %load/vec4 v0x7fa65fe1eae0_0;
    %inv;
    %store/vec4 v0x7fa65fe1eae0_0, 0, 1;
    %jmp T_3.0;
    %end;
    .thread T_3;
    .scope S_0x7fa65fe00080;
T_4 ;
    %pushi/vec4 0, 0, 1;
    %store/vec4 v0x7fa65fe1ed30_0, 0, 1;
    %pushi/vec4 1, 1, 1;
    %store/vec4 v0x7fa65fe1ebb0_0, 0, 1;
    %delay 70, 0;
    %pushi/vec4 1, 0, 1;
    %store/vec4 v0x7fa65fe1ed30_0, 0, 1;
    %pushi/vec4 0, 0, 32;
    %store/vec4 v0x7fa65fe1ea40_0, 0, 32;
T_4.0 ;
    %load/vec4 v0x7fa65fe1ea40_0;
    %cmpi/s 36, 0, 32;
    %jmp/0xz T_4.1, 5;
    %delay 100, 0;
    %load/vec4 v0x7fa65fe1e980_0;
    %parti/s 1, 35, 7;
    %store/vec4 v0x7fa65fe1ebb0_0, 0, 1;
    %load/vec4 v0x7fa65fe1e980_0;
    %ix/load 4, 1, 0;
    %flag_set/imm 4, 0;
    %shiftl 4;
    %store/vec4 v0x7fa65fe1e980_0, 0, 36;
    %load/vec4 v0x7fa65fe1ea40_0;
    %addi 1, 0, 32;
    %store/vec4 v0x7fa65fe1ea40_0, 0, 32;
    %jmp T_4.0;
T_4.1 ;
    %delay 200, 0;
    %vpi_call 2 28 "$finish" {0 0 0};
    %end;
    .thread T_4;
    .scope S_0x7fa65fe00080;
T_5 ;
    %vpi_call 2 32 "$monitor", $time, " rst = %b, din = %b, flag = %b", v0x7fa65fe1ed30_0, v0x7fa65fe1ebb0_0, v0x7fa65fe1ec60_0 {0 0 0};
    %vpi_call 2 34 "$dumpfile", "tb_seq_detect.vcd" {0 0 0};
    %vpi_call 2 35 "$dumpvars", 32'sb00000000000000000000000000000000, S_0x7fa65fe00080 {0 0 0};
    %end;
    .thread T_5;
# The file index is used to find the file name in the following table.
:file_names 4;
    "N/A";
    "<interactive>";
    "tb_seq_detect_2.v";
    "./seq_detect_2.v";
